<?xml version="1.0" encoding="UTF-8"?>
<testng-results skipped="0" failed="0" ignored="0" total="2" passed="2">
  <reporter-output>
  </reporter-output>
  <suite name="Surefire suite" duration-ms="50" started-at="2019-12-12T11:13:14Z" finished-at="2019-12-12T11:13:14Z">
    <groups>
    </groups>
    <test name="Surefire test" duration-ms="50" started-at="2019-12-12T11:13:14Z" finished-at="2019-12-12T11:13:14Z">
      <class name="qaclickacademy.SeleniumTest">
        <test-method status="PASS" signature="BrowswerAutomation()[pri:0, instance:qaclickacademy.SeleniumTest@3b81a1bc]" name="BrowswerAutomation" duration-ms="10" started-at="2019-12-12T11:13:14Z" finished-at="2019-12-12T11:13:14Z">
          <reporter-output>
          </reporter-output>
        </test-method> <!-- BrowswerAutomation -->
        <test-method status="PASS" signature="elementUI()[pri:0, instance:qaclickacademy.SeleniumTest@3b81a1bc]" name="elementUI" duration-ms="0" started-at="2019-12-12T11:13:14Z" finished-at="2019-12-12T11:13:14Z">
          <reporter-output>
          </reporter-output>
        </test-method> <!-- elementUI -->
      </class> <!-- qaclickacademy.SeleniumTest -->
    </test> <!-- Surefire test -->
  </suite> <!-- Surefire suite -->
</testng-results>
